[35m[1mScanning dependencies of target node_test[0m
make[2]: *** No rule to make target 'doc/move_group_interface/CMakeFiles/node_test.dir/build'.  Stop.
CMakeFiles/Makefile2:4545: recipe for target 'doc/move_group_interface/CMakeFiles/node_test.dir/all' failed
make[1]: *** [doc/move_group_interface/CMakeFiles/node_test.dir/all] Error 2
make[1]: *** Waiting for unfinished jobs....
[  7%] Built target planning_scene_tutorial
[ 15%] Built target robot_model_and_robot_state_tutorial
[ 38%] Built target motion_planning_pipeline_tutorial
[ 38%] Built target interactivity_utils
[ 46%] Built target motion_planning_api_tutorial
[ 53%] Built target ros_api_tutorial
[ 61%] Built target planning_scene_ros_api_tutorial
Makefile:140: recipe for target 'all' failed
make: *** [all] Error 2
